
> frontend@0.1.0 lint /mnt/c/GitHub/ai_foundations_lms/apps/frontend
> eslint src --fix


/mnt/c/GitHub/ai_foundations_lms/apps/frontend/src/context/AuthContext.tsx
  194:16  error  Unnecessary return statement  no-useless-return

/mnt/c/GitHub/ai_foundations_lms/apps/frontend/src/context/CourseContext.tsx
  4:1  error  '@tanstack/react-query' import is duplicated  no-duplicate-imports

/mnt/c/GitHub/ai_foundations_lms/apps/frontend/src/hooks/useRecentActivity.ts
  7:18  error  An interface declaring no members is equivalent to its supertype  @typescript-eslint/no-empty-object-type

/mnt/c/GitHub/ai_foundations_lms/apps/frontend/src/hooks/useSupabaseList.ts
   85:29  warning  Unexpected any. Specify a different type  @typescript-eslint/no-explicit-any
   85:34  warning  Forbidden non-null assertion              @typescript-eslint/no-non-null-assertion
  114:77  warning  Unexpected any. Specify a different type  @typescript-eslint/no-explicit-any
  130:77  warning  Unexpected any. Specify a different type  @typescript-eslint/no-explicit-any
  130:93  warning  Unexpected any. Specify a different type  @typescript-eslint/no-explicit-any
  143:75  warning  Unexpected any. Specify a different type  @typescript-eslint/no-explicit-any

/mnt/c/GitHub/ai_foundations_lms/apps/frontend/src/lib/__mocks__/supabase.ts
  30:31  warning  Unexpected any. Specify a different type  @typescript-eslint/no-explicit-any
  39:32  warning  Unexpected any. Specify a different type  @typescript-eslint/no-explicit-any
  73:54  warning  Unexpected any. Specify a different type  @typescript-eslint/no-explicit-any
  79:7   warning  Unexpected any. Specify a different type  @typescript-eslint/no-explicit-any

/mnt/c/GitHub/ai_foundations_lms/apps/frontend/src/pages/admin-dashboard/components/PopularCoursesChart.tsx
  26:29  warning  Unexpected any. Specify a different type  @typescript-eslint/no-explicit-any

/mnt/c/GitHub/ai_foundations_lms/apps/frontend/src/pages/admin-dashboard/components/RecentActivity.tsx
  148:46  warning  Unexpected any. Specify a different type  @typescript-eslint/no-explicit-any
  149:48  warning  Unexpected any. Specify a different type  @typescript-eslint/no-explicit-any

/mnt/c/GitHub/ai_foundations_lms/apps/frontend/src/pages/auth/components/LoginForm.tsx
  12:1  error  'react-hook-form' import is duplicated  no-duplicate-imports

/mnt/c/GitHub/ai_foundations_lms/apps/frontend/src/pages/program-overview/components/CoursePathway.tsx
  80:48  warning  Forbidden non-null assertion  @typescript-eslint/no-non-null-assertion

/mnt/c/GitHub/ai_foundations_lms/apps/frontend/src/pages/program-overview/components/FilterSidebar.tsx
   29:57  warning  Unexpected any. Specify a different type  @typescript-eslint/no-explicit-any
   31:38  warning  Unexpected any. Specify a different type  @typescript-eslint/no-explicit-any
  145:66  warning  Unexpected any. Specify a different type  @typescript-eslint/no-explicit-any
  146:78  warning  Unexpected any. Specify a different type  @typescript-eslint/no-explicit-any

/mnt/c/GitHub/ai_foundations_lms/apps/frontend/src/pages/public-homepage/components/DataVisualization.tsx
  115:54  warning  Unexpected any. Specify a different type  @typescript-eslint/no-explicit-any
  157:54  warning  Unexpected any. Specify a different type  @typescript-eslint/no-explicit-any

/mnt/c/GitHub/ai_foundations_lms/apps/frontend/src/pages/user-dashboard/components/ProgressChart.tsx
  27:66   warning  Unexpected any. Specify a different type  @typescript-eslint/no-explicit-any
  27:92   warning  Unexpected any. Specify a different type  @typescript-eslint/no-explicit-any
  27:122  warning  Unexpected any. Specify a different type  @typescript-eslint/no-explicit-any
  50:44   warning  Unexpected any. Specify a different type  @typescript-eslint/no-explicit-any
  58:36   warning  Unexpected any. Specify a different type  @typescript-eslint/no-explicit-any

/mnt/c/GitHub/ai_foundations_lms/apps/frontend/src/pages/user-management-admin/components/CreateUserModal.tsx
  103:36  error  Return values from promise executor functions cannot be read  no-promise-executor-return

/mnt/c/GitHub/ai_foundations_lms/apps/frontend/src/pages/user-management-admin/components/UserFilters.tsx
  151:37  warning  Unexpected any. Specify a different type  @typescript-eslint/no-explicit-any

/mnt/c/GitHub/ai_foundations_lms/apps/frontend/src/pages/user-profile-management/components/LearningStatsTab.tsx
  69:18  warning  Unexpected any. Specify a different type  @typescript-eslint/no-explicit-any

/mnt/c/GitHub/ai_foundations_lms/apps/frontend/src/pages/user-profile-management/components/SettingsTab.tsx
  5:1  error  '@frontend/types/userSettings' import is duplicated  no-duplicate-imports

/mnt/c/GitHub/ai_foundations_lms/apps/frontend/src/services/courseService.ts
  10:1   error    '@/types/course.types' import is duplicated  no-duplicate-imports
  62:12  warning  Forbidden non-null assertion                 @typescript-eslint/no-non-null-assertion

/mnt/c/GitHub/ai_foundations_lms/apps/frontend/src/types/framer-motion.d.ts
    9:15  warning  Unexpected any. Specify a different type                      @typescript-eslint/no-explicit-any
   10:15  warning  Unexpected any. Specify a different type                      @typescript-eslint/no-explicit-any
   11:12  warning  Unexpected any. Specify a different type                      @typescript-eslint/no-explicit-any
   12:18  warning  Unexpected any. Specify a different type                      @typescript-eslint/no-explicit-any
   13:16  warning  Unexpected any. Specify a different type                      @typescript-eslint/no-explicit-any
   20:23  warning  Unexpected any. Specify a different type                      @typescript-eslint/no-explicit-any
   23:22  warning  Unexpected any. Specify a different type                      @typescript-eslint/no-explicit-any
   24:18  warning  Unexpected any. Specify a different type                      @typescript-eslint/no-explicit-any
   25:16  warning  Unexpected any. Specify a different type                      @typescript-eslint/no-explicit-any
   26:17  warning  Unexpected any. Specify a different type                      @typescript-eslint/no-explicit-any
   27:18  warning  Unexpected any. Specify a different type                      @typescript-eslint/no-explicit-any
   28:19  warning  Unexpected any. Specify a different type                      @typescript-eslint/no-explicit-any
   29:16  warning  Unexpected any. Specify a different type                      @typescript-eslint/no-explicit-any
   34:22  warning  Unexpected any. Specify a different type                      @typescript-eslint/no-explicit-any
   34:33  warning  Unexpected any. Specify a different type                      @typescript-eslint/no-explicit-any
   35:27  warning  Unexpected any. Specify a different type                      @typescript-eslint/no-explicit-any
   35:38  warning  Unexpected any. Specify a different type                      @typescript-eslint/no-explicit-any
   36:25  warning  Unexpected any. Specify a different type                      @typescript-eslint/no-explicit-any
   36:36  warning  Unexpected any. Specify a different type                      @typescript-eslint/no-explicit-any
   37:28  warning  Unexpected any. Specify a different type                      @typescript-eslint/no-explicit-any
   38:26  warning  Unexpected any. Specify a different type                      @typescript-eslint/no-explicit-any
   39:21  warning  Unexpected any. Specify a different type                      @typescript-eslint/no-explicit-any
   40:26  warning  Unexpected any. Specify a different type                      @typescript-eslint/no-explicit-any
   41:27  warning  Unexpected any. Specify a different type                      @typescript-eslint/no-explicit-any
   42:21  warning  Unexpected any. Specify a different type                      @typescript-eslint/no-explicit-any
   42:32  warning  Unexpected any. Specify a different type                      @typescript-eslint/no-explicit-any
   43:26  warning  Unexpected any. Specify a different type                      @typescript-eslint/no-explicit-any
   43:37  warning  Unexpected any. Specify a different type                      @typescript-eslint/no-explicit-any
   44:24  warning  Unexpected any. Specify a different type                      @typescript-eslint/no-explicit-any
   44:35  warning  Unexpected any. Specify a different type                      @typescript-eslint/no-explicit-any
   45:20  warning  Unexpected any. Specify a different type                      @typescript-eslint/no-explicit-any
   51:11  warning  Unexpected any. Specify a different type                      @typescript-eslint/no-explicit-any
   91:14  warning  Unexpected any. Specify a different type                      @typescript-eslint/no-explicit-any
   98:35  warning  Unexpected any. Specify a different type                      @typescript-eslint/no-explicit-any
   99:43  warning  Unexpected any. Specify a different type                      @typescript-eslint/no-explicit-any
   99:49  warning  Unexpected any. Specify a different type                      @typescript-eslint/no-explicit-any
  100:39  warning  Unexpected any. Specify a different type                      @typescript-eslint/no-explicit-any
  100:51  warning  Unexpected any. Specify a different type                      @typescript-eslint/no-explicit-any
  100:64  warning  Unexpected any. Specify a different type                      @typescript-eslint/no-explicit-any
  100:79  warning  Unexpected any. Specify a different type                      @typescript-eslint/no-explicit-any
  100:85  warning  Unexpected any. Specify a different type                      @typescript-eslint/no-explicit-any
  101:37  warning  Unexpected any. Specify a different type                      @typescript-eslint/no-explicit-any
  101:52  warning  Unexpected any. Specify a different type                      @typescript-eslint/no-explicit-any
  101:58  warning  Unexpected any. Specify a different type                      @typescript-eslint/no-explicit-any
  102:39  warning  Unexpected any. Specify a different type                      @typescript-eslint/no-explicit-any
  102:45  warning  Unexpected any. Specify a different type                      @typescript-eslint/no-explicit-any
  103:46  warning  Unexpected any. Specify a different type                      @typescript-eslint/no-explicit-any
  103:75  warning  Unexpected any. Specify a different type                      @typescript-eslint/no-explicit-any
  104:34  warning  Unexpected any. Specify a different type                      @typescript-eslint/no-explicit-any
  104:49  warning  Unexpected any. Specify a different type                      @typescript-eslint/no-explicit-any
  105:47  warning  Unexpected any. Specify a different type                      @typescript-eslint/no-explicit-any
  106:30  warning  Unexpected any. Specify a different type                      @typescript-eslint/no-explicit-any
  107:38  warning  Unexpected any. Specify a different type                      @typescript-eslint/no-explicit-any
  107:44  warning  Unexpected any. Specify a different type                      @typescript-eslint/no-explicit-any
  108:41  warning  Unexpected any. Specify a different type                      @typescript-eslint/no-explicit-any
  108:47  warning  Unexpected any. Specify a different type                      @typescript-eslint/no-explicit-any
  109:40  warning  Unexpected any. Specify a different type                      @typescript-eslint/no-explicit-any
  110:38  warning  Unexpected any. Specify a different type                      @typescript-eslint/no-explicit-any
  111:43  warning  Unexpected any. Specify a different type                      @typescript-eslint/no-explicit-any
  112:38  warning  Unexpected any. Specify a different type                      @typescript-eslint/no-explicit-any
  112:47  warning  Unexpected any. Specify a different type                      @typescript-eslint/no-explicit-any
  118:36  warning  Unexpected any. Specify a different type                      @typescript-eslint/no-explicit-any
  118:52  warning  Unexpected any. Specify a different type                      @typescript-eslint/no-explicit-any
  118:67  warning  Unexpected any. Specify a different type                      @typescript-eslint/no-explicit-any
  118:73  warning  Unexpected any. Specify a different type                      @typescript-eslint/no-explicit-any
  119:38  warning  Unexpected any. Specify a different type                      @typescript-eslint/no-explicit-any
  119:47  warning  Unexpected any. Specify a different type                      @typescript-eslint/no-explicit-any
  119:62  warning  Unexpected any. Specify a different type                      @typescript-eslint/no-explicit-any
  119:68  warning  Unexpected any. Specify a different type                      @typescript-eslint/no-explicit-any
  120:36  warning  Unexpected any. Specify a different type                      @typescript-eslint/no-explicit-any
  120:51  warning  Unexpected any. Specify a different type                      @typescript-eslint/no-explicit-any
  120:57  warning  Unexpected any. Specify a different type                      @typescript-eslint/no-explicit-any
  121:35  warning  Unexpected any. Specify a different type                      @typescript-eslint/no-explicit-any
  121:50  warning  Unexpected any. Specify a different type                      @typescript-eslint/no-explicit-any
  121:65  warning  Unexpected any. Specify a different type                      @typescript-eslint/no-explicit-any
  121:71  warning  Unexpected any. Specify a different type                      @typescript-eslint/no-explicit-any
  122:36  warning  Unexpected any. Specify a different type                      @typescript-eslint/no-explicit-any
  122:42  warning  Unexpected any. Specify a different type                      @typescript-eslint/no-explicit-any
  125:24  warning  Unexpected any. Specify a different type                      @typescript-eslint/no-explicit-any
  126:25  warning  Unexpected any. Specify a different type                      @typescript-eslint/no-explicit-any
  127:27  warning  Unexpected any. Specify a different type                      @typescript-eslint/no-explicit-any
  128:24  warning  Unexpected any. Specify a different type                      @typescript-eslint/no-explicit-any
  129:25  warning  Unexpected any. Specify a different type                      @typescript-eslint/no-explicit-any
  130:27  warning  Unexpected any. Specify a different type                      @typescript-eslint/no-explicit-any
  131:24  warning  Unexpected any. Specify a different type                      @typescript-eslint/no-explicit-any
  132:25  warning  Unexpected any. Specify a different type                      @typescript-eslint/no-explicit-any
  133:27  warning  Unexpected any. Specify a different type                      @typescript-eslint/no-explicit-any
  134:28  warning  Unexpected any. Specify a different type                      @typescript-eslint/no-explicit-any
  137:41  warning  Unexpected any. Specify a different type                      @typescript-eslint/no-explicit-any
  137:59  warning  Unexpected any. Specify a different type                      @typescript-eslint/no-explicit-any
  137:74  warning  Unexpected any. Specify a different type                      @typescript-eslint/no-explicit-any
  137:80  warning  Unexpected any. Specify a different type                      @typescript-eslint/no-explicit-any
  138:38  warning  Unexpected any. Specify a different type                      @typescript-eslint/no-explicit-any
  138:55  warning  Unexpected any. Specify a different type                      @typescript-eslint/no-explicit-any
  138:73  warning  Unexpected any. Specify a different type                      @typescript-eslint/no-explicit-any
  138:88  warning  Unexpected any. Specify a different type                      @typescript-eslint/no-explicit-any
  138:94  warning  Unexpected any. Specify a different type                      @typescript-eslint/no-explicit-any
  139:29  warning  Unexpected any. Specify a different type                      @typescript-eslint/no-explicit-any
  139:38  warning  Unexpected any. Specify a different type                      @typescript-eslint/no-explicit-any
  139:53  warning  Unexpected any. Specify a different type                      @typescript-eslint/no-explicit-any
  139:59  warning  Unexpected any. Specify a different type                      @typescript-eslint/no-explicit-any
  140:31  warning  Unexpected any. Specify a different type                      @typescript-eslint/no-explicit-any
  140:39  warning  Unexpected any. Specify a different type                      @typescript-eslint/no-explicit-any
  141:28  warning  Unexpected any. Specify a different type                      @typescript-eslint/no-explicit-any
  141:36  warning  Unexpected any. Specify a different type                      @typescript-eslint/no-explicit-any
  142:29  warning  Unexpected any. Specify a different type                      @typescript-eslint/no-explicit-any
  142:39  warning  Unexpected any. Specify a different type                      @typescript-eslint/no-explicit-any
  142:51  warning  Unexpected any. Specify a different type                      @typescript-eslint/no-explicit-any
  142:57  warning  Unexpected any. Specify a different type                      @typescript-eslint/no-explicit-any
  143:30  warning  Unexpected any. Specify a different type                      @typescript-eslint/no-explicit-any
  143:40  warning  Unexpected any. Specify a different type                      @typescript-eslint/no-explicit-any
  143:52  warning  Unexpected any. Specify a different type                      @typescript-eslint/no-explicit-any
  143:58  warning  Unexpected any. Specify a different type                      @typescript-eslint/no-explicit-any
  147:76  warning  Unexpected any. Specify a different type                      @typescript-eslint/no-explicit-any
  148:81  warning  Unexpected any. Specify a different type                      @typescript-eslint/no-explicit-any
  150:26  warning  Unexpected any. Specify a different type                      @typescript-eslint/no-explicit-any
  151:25  warning  Unexpected any. Specify a different type                      @typescript-eslint/no-explicit-any
  155:30  warning  Unexpected any. Specify a different type                      @typescript-eslint/no-explicit-any
  156:24  warning  Unexpected any. Specify a different type                      @typescript-eslint/no-explicit-any
  160:13  warning  'MotionStyle' is defined but never used                       @typescript-eslint/no-unused-vars
  174:13  warning  'CSSStyleDeclarationWithTransform' is defined but never used  @typescript-eslint/no-unused-vars

/mnt/c/GitHub/ai_foundations_lms/apps/frontend/src/types/react-router-complete.d.ts
   10:72  warning  Unexpected any. Specify a different type                 @typescript-eslint/no-explicit-any
   10:79  warning  Unexpected any. Specify a different type                 @typescript-eslint/no-explicit-any
   16:15  warning  Unexpected any. Specify a different type                 @typescript-eslint/no-explicit-any
   20:72  warning  Unexpected any. Specify a different type                 @typescript-eslint/no-explicit-any
   20:79  warning  Unexpected any. Specify a different type                 @typescript-eslint/no-explicit-any
   26:15  warning  Unexpected any. Specify a different type                 @typescript-eslint/no-explicit-any
   33:37  warning  Unexpected any. Specify a different type                 @typescript-eslint/no-explicit-any
   49:24  warning  Unexpected any. Specify a different type                 @typescript-eslint/no-explicit-any
   85:13  warning  Unexpected any. Specify a different type                 @typescript-eslint/no-explicit-any
   93:36  warning  Unexpected any. Specify a different type                 @typescript-eslint/no-explicit-any
  128:24  warning  Unexpected any. Specify a different type                 @typescript-eslint/no-explicit-any
  139:14  warning  Unexpected any. Specify a different type                 @typescript-eslint/no-explicit-any
  188:20  warning  Unexpected any. Specify a different type                 @typescript-eslint/no-explicit-any
  206:26  warning  Unexpected any. Specify a different type                 @typescript-eslint/no-explicit-any
  207:29  warning  Unexpected any. Specify a different type                 @typescript-eslint/no-explicit-any
  231:11  warning  Unexpected any. Specify a different type                 @typescript-eslint/no-explicit-any
  250:11  warning  Unexpected any. Specify a different type                 @typescript-eslint/no-explicit-any
  257:14  warning  Unexpected any. Specify a different type                 @typescript-eslint/no-explicit-any
  270:51  warning  Unexpected any. Specify a different type                 @typescript-eslint/no-explicit-any
  272:13  warning  Unexpected any. Specify a different type                 @typescript-eslint/no-explicit-any
  273:14  warning  Unexpected any. Specify a different type                 @typescript-eslint/no-explicit-any
  294:12  warning  Unexpected any. Specify a different type                 @typescript-eslint/no-explicit-any
  321:60  warning  Unexpected any. Specify a different type                 @typescript-eslint/no-explicit-any
  353:30  warning  Unexpected any. Specify a different type                 @typescript-eslint/no-explicit-any
  355:47  warning  Unexpected any. Specify a different type                 @typescript-eslint/no-explicit-any
  387:5   warning  'AgnosticRouteObject' is defined but never used          @typescript-eslint/no-unused-vars
  388:5   warning  'AgnosticIndexRouteObject' is defined but never used     @typescript-eslint/no-unused-vars
  389:5   warning  'AgnosticNonIndexRouteObject' is defined but never used  @typescript-eslint/no-unused-vars
  392:5   warning  'TrackedPromise' is defined but never used               @typescript-eslint/no-unused-vars
  439:14  warning  Unexpected any. Specify a different type                 @typescript-eslint/no-explicit-any
  440:37  warning  Unexpected any. Specify a different type                 @typescript-eslint/no-explicit-any
  442:41  warning  Unexpected any. Specify a different type                 @typescript-eslint/no-explicit-any
  443:43  warning  Unexpected any. Specify a different type                 @typescript-eslint/no-explicit-any
  457:14  warning  Unexpected any. Specify a different type                 @typescript-eslint/no-explicit-any
  458:37  warning  Unexpected any. Specify a different type                 @typescript-eslint/no-explicit-any
  460:41  warning  Unexpected any. Specify a different type                 @typescript-eslint/no-explicit-any
  461:43  warning  Unexpected any. Specify a different type                 @typescript-eslint/no-explicit-any
  475:14  warning  Unexpected any. Specify a different type                 @typescript-eslint/no-explicit-any
  476:37  warning  Unexpected any. Specify a different type                 @typescript-eslint/no-explicit-any
  478:41  warning  Unexpected any. Specify a different type                 @typescript-eslint/no-explicit-any
  479:43  warning  Unexpected any. Specify a different type                 @typescript-eslint/no-explicit-any
  522:13  warning  Unexpected any. Specify a different type                 @typescript-eslint/no-explicit-any
  539:14  warning  Unexpected any. Specify a different type                 @typescript-eslint/no-explicit-any
  541:37  warning  Unexpected any. Specify a different type                 @typescript-eslint/no-explicit-any
  543:41  warning  Unexpected any. Specify a different type                 @typescript-eslint/no-explicit-any
  544:43  warning  Unexpected any. Specify a different type                 @typescript-eslint/no-explicit-any
  560:14  warning  Unexpected any. Specify a different type                 @typescript-eslint/no-explicit-any
  562:37  warning  Unexpected any. Specify a different type                 @typescript-eslint/no-explicit-any
  564:41  warning  Unexpected any. Specify a different type                 @typescript-eslint/no-explicit-any
  565:43  warning  Unexpected any. Specify a different type                 @typescript-eslint/no-explicit-any
  595:26  warning  Unexpected any. Specify a different type                 @typescript-eslint/no-explicit-any
  596:29  warning  Unexpected any. Specify a different type                 @typescript-eslint/no-explicit-any
  721:37  warning  Unexpected any. Specify a different type                 @typescript-eslint/no-explicit-any
  722:42  warning  Unexpected any. Specify a different type                 @typescript-eslint/no-explicit-any
  723:37  warning  Unexpected any. Specify a different type                 @typescript-eslint/no-explicit-any

/mnt/c/GitHub/ai_foundations_lms/apps/frontend/src/types/react-router-dom.d.ts
  16:13  warning  Unexpected any. Specify a different type                                                                                 @typescript-eslint/no-explicit-any
  52:14  error    The `Function` type accepts any function-like value.
Prefer explicitly defining any function parameters and return type  @typescript-eslint/no-unsafe-function-type
  53:14  error    The `Function` type accepts any function-like value.
Prefer explicitly defining any function parameters and return type  @typescript-eslint/no-unsafe-function-type
  55:24  error    The `Function` type accepts any function-like value.
Prefer explicitly defining any function parameters and return type  @typescript-eslint/no-unsafe-function-type
  56:14  warning  Unexpected any. Specify a different type                                                                                 @typescript-eslint/no-explicit-any
  57:26  warning  Unexpected any. Specify a different type                                                                                 @typescript-eslint/no-explicit-any
  63:13  warning  Unexpected any. Specify a different type                                                                                 @typescript-eslint/no-explicit-any
  71:20  warning  Unexpected any. Specify a different type                                                                                 @typescript-eslint/no-explicit-any
  77:13  warning  Unexpected any. Specify a different type                                                                                 @typescript-eslint/no-explicit-any

✖ 220 problems (10 errors, 210 warnings)

 ELIFECYCLE  Command failed with exit code 1.
